<?xml version="1.0" encoding="UTF-8"?>
<!-- Generated by org.testng.reporters.JUnitXMLReporter -->
<testsuite ignored="0" hostname="LAPTOP-JTV0PAQQ" failures="0" tests="10" name="Exitloanexclude" time="0.158" errors="0" timestamp="2022-09-20T12:01:47 IST">
  <testcase classname="xmlunderstanding.Day1" name="carloan" time="0.018"/>
  <testcase classname="xmlunderstanding.Day1" name="homeloan" time="0.002"/>
  <testcase classname="xmlunderstanding.Day1" name="personelloan" time="0.002"/>
  <testcase classname="xmlunderstanding.Day2" name="carloanlogin" time="0.002"/>
  <testcase classname="xmlunderstanding.Day2" name="homeloanlogin" time="0.005"/>
  <testcase classname="xmlunderstanding.Day2" name="personalloanlogin" time="0.002"/>
  <testcase classname="xmlunderstanding.Day3" name="carloanExist" time="0.008"/>
  <testcase classname="xmlunderstanding.Day3" name="homeloanExist" time="0.004"/>
  <testcase classname="xmlunderstanding.Day3" name="homeloanExit" time="0.009"/>
  <testcase classname="xmlunderstanding.Day3" name="personelloanExist" time="0.003"/>
</testsuite> <!-- Exitloanexclude -->
