<?xml version="1.0" encoding="UTF-8"?>
<!-- Generated by org.testng.reporters.JUnitXMLReporter -->
<testsuite ignored="2" hostname="LAPTOP-JTV0PAQQ" failures="0" tests="1" name="Exitloan" time="0.04" errors="0" timestamp="2022-09-19T19:07:31 IST">
  <testcase classname="xmlunderstanding.Day3" name="homeloanExist" time="0.006"/>
  <testcase classname="xmlunderstanding.Day3" name="personelloanExist" time="0.0">
    <ignored/>
  </testcase> <!-- personelloanExist -->
  <testcase classname="xmlunderstanding.Day3" name="carloanExist" time="0.0">
    <ignored/>
  </testcase> <!-- carloanExist -->
</testsuite> <!-- Exitloan -->
