<?xml version="1.0" encoding="UTF-8"?>
<!-- Generated by org.testng.reporters.JUnitXMLReporter -->
<testsuite ignored="2" hostname="LAPTOP-JTV0PAQQ" failures="0" tests="2" name="Exitloaninclude" time="0.02" errors="0" timestamp="2022-09-19T21:02:10 IST">
  <testcase classname="xmlunderstanding.Day3" name="homeloanExist" time="0.003"/>
  <testcase classname="xmlunderstanding.Day3" name="homeloanExit" time="0.006"/>
  <testcase classname="xmlunderstanding.Day3" name="personelloanExist" time="0.0">
    <ignored/>
  </testcase> <!-- personelloanExist -->
  <testcase classname="xmlunderstanding.Day3" name="carloanExist" time="0.0">
    <ignored/>
  </testcase> <!-- carloanExist -->
</testsuite> <!-- Exitloaninclude -->
