<?xml version="1.0" encoding="UTF-8"?>
<!-- Generated by org.testng.reporters.JUnitXMLReporter -->
<testsuite ignored="0" hostname="LAPTOP-JTV0PAQQ" failures="0" tests="6" name="Homeloan" time="0.343" errors="0" timestamp="2022-09-19T19:11:26 IST">
  <testcase classname="xmlunderstanding.Day1" name="carloan" time="0.054"/>
  <testcase classname="xmlunderstanding.Day1" name="homeloan" time="0.011"/>
  <testcase classname="xmlunderstanding.Day1" name="personelloan" time="0.011"/>
  <testcase classname="xmlunderstanding.Day2" name="carloanlogin" time="0.018"/>
  <testcase classname="xmlunderstanding.Day2" name="homeloanlogin" time="0.004"/>
  <testcase classname="xmlunderstanding.Day2" name="personalloanlogin" time="0.004"/>
</testsuite> <!-- Homeloan -->
