<?xml version="1.0" encoding="UTF-8"?>
<!-- Generated by org.testng.reporters.JUnitXMLReporter -->
<testsuite ignored="1" hostname="LAPTOP-JTV0PAQQ" failures="0" tests="5" name="pkgrunxml" time="0.069" errors="0" timestamp="2022-09-20T12:01:47 IST">
  <testcase classname="test.MultipleTests" name="test1" time="0.005"/>
  <testcase classname="test.MultipleTests" name="test3" time="0.002"/>
  <testcase classname="test.MultipleTests" name="test4" time="0.007"/>
  <testcase classname="test.MultipleTests" name="test5" time="0.005"/>
  <testcase classname="test.MultipleTests" name="test6" time="0.003"/>
  <testcase classname="test.MultipleTests" name="test2" time="0.0">
    <ignored/>
  </testcase> <!-- test2 -->
</testsuite> <!-- pkgrunxml -->
