<?xml version="1.0" encoding="UTF-8"?>
<!-- Generated by org.testng.reporters.JUnitXMLReporter -->
<testsuite ignored="7" hostname="LAPTOP-JTV0PAQQ" failures="0" tests="3" name="Smoke" time="0.215" errors="0" timestamp="2022-09-20T16:42:14 IST">
  <testcase classname="xmlunderstanding.Day1" name="homeloan" time="0.046"/>
  <testcase classname="xmlunderstanding.Day2" name="carloanlogin" time="0.008"/>
  <testcase classname="xmlunderstanding.Day3" name="personelloanExist" time="0.004"/>
  <testcase classname="xmlunderstanding.Day3" name="homeloanExit" time="0.0">
    <ignored/>
  </testcase> <!-- homeloanExit -->
  <testcase classname="xmlunderstanding.Day2" name="homeloanlogin" time="0.0">
    <ignored/>
  </testcase> <!-- homeloanlogin -->
  <testcase classname="xmlunderstanding.Day3" name="carloanExist" time="0.0">
    <ignored/>
  </testcase> <!-- carloanExist -->
  <testcase classname="xmlunderstanding.Day3" name="homeloanExist" time="0.0">
    <ignored/>
  </testcase> <!-- homeloanExist -->
  <testcase classname="xmlunderstanding.Day1" name="personelloan" time="0.0">
    <ignored/>
  </testcase> <!-- personelloan -->
  <testcase classname="xmlunderstanding.Day2" name="personalloanlogin" time="0.0">
    <ignored/>
  </testcase> <!-- personalloanlogin -->
  <testcase classname="xmlunderstanding.Day1" name="carloan" time="0.0">
    <ignored/>
  </testcase> <!-- carloan -->
</testsuite> <!-- Smoke -->
