<?xml version="1.0" encoding="UTF-8"?>
<!-- Generated by org.testng.reporters.JUnitXMLReporter -->
<testsuite ignored="0" hostname="LAPTOP-JTV0PAQQ" failures="0" tests="3" name="Default test" time="0.244" errors="0" timestamp="2022-09-20T17:39:59 IST">
  <testcase classname="xmlunderstanding.Day2" name="personalloanlogin" time="0.037"/>
  <testcase classname="xmlunderstanding.Day2" name="carloanlogin" time="0.004"/>
  <testcase classname="xmlunderstanding.Day2" name="homeloanlogin" time="0.003"/>
</testsuite> <!-- Default test -->
