<?xml version="1.0" encoding="UTF-8"?>
<testng-results ignored="0" total="2" passed="2" failed="0" skipped="0">
  <reporter-output>
  </reporter-output>
  <suite started-at="2022-09-20T18:01:19 IST" name="Suite" finished-at="2022-09-20T18:01:20 IST" duration-ms="376">
    <groups>
    </groups>
    <test started-at="2022-09-20T18:01:19 IST" name="paramaeterization" finished-at="2022-09-20T18:01:19 IST" duration-ms="136">
      <class name="xmlunderstanding.Parameterization">
        <test-method signature="test(java.lang.String,java.lang.String)[pri:0, instance:xmlunderstanding.Parameterization@7ee955a8]" started-at="2022-09-20T18:01:19 IST" name="test" finished-at="2022-09-20T18:01:19 IST" duration-ms="26" status="PASS">
          <params>
            <param index="0">
              <value>
                <![CDATA[www.facebbok.com]]>
              </value>
            </param>
            <param index="1">
              <value>
                <![CDATA[www.faceb0ok.com]]>
              </value>
            </param>
          </params>
          <reporter-output>
          </reporter-output>
        </test-method> <!-- test -->
      </class> <!-- xmlunderstanding.Parameterization -->
    </test> <!-- paramaeterization -->
    <test started-at="2022-09-20T18:01:20 IST" name="paramaeterization2" finished-at="2022-09-20T18:01:20 IST" duration-ms="16">
      <class name="test.AnnotationSeq">
        <test-method is-config="true" signature="test2(java.lang.String)[pri:0, instance:test.AnnotationSeq@5e82df6a]" started-at="2022-09-20T18:01:19 IST" name="test2" finished-at="2022-09-20T18:01:19 IST" duration-ms="37" status="PASS">
          <params>
            <param index="0">
              <value>
                <![CDATA[www.facebbok.com]]>
              </value>
            </param>
          </params>
          <reporter-output>
          </reporter-output>
        </test-method> <!-- test2 -->
        <test-method signature="test2(java.lang.String)[pri:0, instance:test.AnnotationSeq@5e82df6a]" started-at="2022-09-20T18:01:20 IST" name="test2" finished-at="2022-09-20T18:01:20 IST" duration-ms="5" status="PASS">
          <params>
            <param index="0">
              <value>
                <![CDATA[www.instagram.com]]>
              </value>
            </param>
          </params>
          <reporter-output>
          </reporter-output>
        </test-method> <!-- test2 -->
      </class> <!-- test.AnnotationSeq -->
    </test> <!-- paramaeterization2 -->
  </suite> <!-- Suite -->
</testng-results>
