<?xml version="1.0" encoding="UTF-8"?>
<testng-results ignored="0" total="3" passed="3" failed="0" skipped="0">
  <reporter-output>
  </reporter-output>
  <suite started-at="2022-09-20T21:32:16 IST" name="Suite" finished-at="2022-09-20T21:32:16 IST" duration-ms="132">
    <groups>
    </groups>
    <test started-at="2022-09-20T21:32:16 IST" name="Test" finished-at="2022-09-20T21:32:16 IST" duration-ms="132">
      <class name="dataProvider.DemoRes">
        <test-method signature="useData(java.lang.String,java.lang.String)[pri:0, instance:dataProvider.DemoRes@1f3f4916]" started-at="2022-09-20T21:32:16 IST" name="useData" data-provider="getData" finished-at="2022-09-20T21:32:16 IST" duration-ms="21" status="PASS">
          <params>
            <param index="0">
              <value>
                <![CDATA[fisruser]]>
              </value>
            </param>
            <param index="1">
              <value>
                <![CDATA[firstpassword]]>
              </value>
            </param>
          </params>
          <reporter-output>
          </reporter-output>
        </test-method> <!-- useData -->
        <test-method signature="useData(java.lang.String,java.lang.String)[pri:0, instance:dataProvider.DemoRes@1f3f4916]" started-at="2022-09-20T21:32:16 IST" name="useData" data-provider="getData" finished-at="2022-09-20T21:32:16 IST" duration-ms="5" status="PASS">
          <params>
            <param index="0">
              <value>
                <![CDATA[seconduser]]>
              </value>
            </param>
            <param index="1">
              <value>
                <![CDATA[secondpassword]]>
              </value>
            </param>
          </params>
          <reporter-output>
          </reporter-output>
        </test-method> <!-- useData -->
        <test-method signature="useData(java.lang.String,java.lang.String)[pri:0, instance:dataProvider.DemoRes@1f3f4916]" started-at="2022-09-20T21:32:16 IST" name="useData" data-provider="getData" finished-at="2022-09-20T21:32:16 IST" duration-ms="8" status="PASS">
          <params>
            <param index="0">
              <value>
                <![CDATA[thirduser]]>
              </value>
            </param>
            <param index="1">
              <value>
                <![CDATA[thirdpassword]]>
              </value>
            </param>
          </params>
          <reporter-output>
          </reporter-output>
        </test-method> <!-- useData -->
      </class> <!-- dataProvider.DemoRes -->
    </test> <!-- Test -->
  </suite> <!-- Suite -->
</testng-results>
